#
# A fatal error has been detected by the Java Runtime Environment:
#
#  EXCEPTION_ACCESS_VIOLATION (0xc0000005) at pc=0x6d9aa03c, pid=4704, tid=5320
#
# JRE version: 6.0_18-b07
# Java VM: Java HotSpot(TM) Client VM (16.0-b13 mixed mode, sharing windows-x86 )
# Problematic frame:
# V  [jvm.dll+0xfa03c]
#
# If you would like to submit a bug report, please visit:
#   http://java.sun.com/webapps/bugreport/crash.jsp
#

---------------  T H R E A D  ---------------

Current thread (0x019ff400):  JavaThread "Java2D Disposer" daemon [_thread_in_vm, id=5320, stack(0x03d90000,0x03de0000)]

siginfo: ExceptionCode=0xc0000005, reading address 0x00000000

Registers:
EAX=0x01949d40, EBX=0x00000000, ECX=0x00000000, EDX=0x03ddfa28
ESP=0x03ddfa18, EBP=0x03ddfaf4, ESI=0x03edb660, EDI=0x019ff400
EIP=0x6d9aa03c, EFLAGS=0x00010203

Top of Stack: (sp=0x03ddfa18)
0x03ddfa18:   019ff400 019ff510 01922d20 6d9a07ad
0x03ddfa28:   01949d40 03ddfb68 03ddfa48 03ddfa60
0x03ddfa38:   019ff400 03ddfb28 6d9a9e55 03ddfb68
0x03ddfa48:   01949d40 03ddfa60 019ff400 03f17610
0x03ddfa58:   019ff400 019ff510 006f0470 00000000
0x03ddfa68:   019c29e8 00000000 019ff400 37823810
0x03ddfa78:   01949d40 00000000 004c001a 0000005c
0x03ddfa88:   00cf70d0 6d950192 000014dd 00000000 

Instructions: (pc=0x6d9aa03c)
0x6d9aa02c:   01 8b 4d b0 8b 55 a4 8b 45 f4 89 04 8a ff 45 b0
0x6d9aa03c:   8b 03 8b 48 08 0f b7 51 2a 8b 40 0c 8b 4c 90 24 


Stack: [0x03d90000,0x03de0000],  sp=0x03ddfa18,  free space=13e03ddf534k
Native frames: (J=compiled Java code, j=interpreted, Vv=VM code, C=native code)
V  [jvm.dll+0xfa03c]
V  [jvm.dll+0xfce97]
C  [awt.dll+0x6c50c]
j  java.awt.Cursor.finalizeImpl(J)V+0
j  java.awt.Cursor.access$000(J)V+1
j  java.awt.Cursor$CursorDisposer.dispose()V+13
j  sun.java2d.Disposer.run()V+26
j  java.lang.Thread.run()V+11
v  ~StubRoutines::call_stub
V  [jvm.dll+0xf072c]
V  [jvm.dll+0x17fd51]
V  [jvm.dll+0xf08f7]
V  [jvm.dll+0xf096d]
V  [jvm.dll+0x11a4c0]
V  [jvm.dll+0x1dd924]
V  [jvm.dll+0x17f9cc]
C  [msvcr71.dll+0x9565]
C  [kernel32.dll+0x51194]
C  [ntdll.dll+0x5b429]
C  [ntdll.dll+0x5b3fc]

Java frames: (J=compiled Java code, j=interpreted, Vv=VM code)
j  java.awt.Cursor.finalizeImpl(J)V+0
j  java.awt.Cursor.access$000(J)V+1
j  java.awt.Cursor$CursorDisposer.dispose()V+13
j  sun.java2d.Disposer.run()V+26
j  java.lang.Thread.run()V+11
v  ~StubRoutines::call_stub

---------------  P R O C E S S  ---------------

Java Threads: ( => current thread )
  0x040b2000 JavaThread "Thread-4" [_thread_blocked, id=3492, stack(0x06450000,0x064a0000)]
  0x03faf800 JavaThread "TimerQueue" daemon [_thread_blocked, id=4652, stack(0x07260000,0x072b0000)]
  0x03fb4400 JavaThread "Image Fetcher 0" daemon [_thread_blocked, id=5148, stack(0x07210000,0x07260000)]
  0x03f80000 JavaThread "AWT-EventQueue-1" [_thread_blocked, id=2076, stack(0x071c0000,0x07210000)]
  0x03f49400 JavaThread "Image Fetcher 3" daemon [_thread_blocked, id=6064, stack(0x064d0000,0x06520000)]
  0x00cf9000 JavaThread "DestroyJavaVM" [_thread_blocked, id=2516, stack(0x003a0000,0x003f0000)]
  0x03f15000 JavaThread "AWT-EventQueue-0" [_thread_blocked, id=4276, stack(0x062b0000,0x06300000)]
  0x03ede000 JavaThread "AWT-Shutdown" [_thread_blocked, id=2112, stack(0x040d0000,0x04120000)]
=>0x019ff400 JavaThread "Java2D Disposer" daemon [_thread_in_vm, id=5320, stack(0x03d90000,0x03de0000)]
  0x01947800 JavaThread "Low Memory Detector" daemon [_thread_blocked, id=3876, stack(0x03cf0000,0x03d40000)]
  0x01940400 JavaThread "CompilerThread0" daemon [_thread_blocked, id=1412, stack(0x03ca0000,0x03cf0000)]
  0x0193f800 JavaThread "Attach Listener" daemon [_thread_blocked, id=5892, stack(0x03c50000,0x03ca0000)]
  0x0193e000 JavaThread "Signal Dispatcher" daemon [_thread_blocked, id=4932, stack(0x03c00000,0x03c50000)]
  0x01932800 JavaThread "Finalizer" daemon [_thread_blocked, id=4244, stack(0x03bb0000,0x03c00000)]
  0x01931400 JavaThread "Reference Handler" daemon [_thread_blocked, id=5608, stack(0x03b60000,0x03bb0000)]

Other Threads:
  0x01930000 VMThread [stack: 0x03b10000,0x03b60000] [id=5184]

VM state:synchronizing (normal execution)

VM Mutex/Monitor currently owned by a thread:  ([mutex/lock_event])
[0x00cf7548] Threads_lock - owner thread: 0x01930000

Heap
 def new generation   total 4928K, used 619K [0x236d0000, 0x23c20000, 0x28c20000)
  eden space 4416K,   2% used [0x236d0000, 0x236eafb8, 0x23b20000)
  from space 512K, 100% used [0x23ba0000, 0x23c20000, 0x23c20000)
  to   space 512K,   0% used [0x23b20000, 0x23b20000, 0x23ba0000)
 tenured generation   total 10944K, used 2806K [0x28c20000, 0x296d0000, 0x336d0000)
   the space 10944K,  25% used [0x28c20000, 0x28edd890, 0x28edda00, 0x296d0000)
 compacting perm gen  total 12288K, used 2688K [0x336d0000, 0x342d0000, 0x376d0000)
   the space 12288K,  21% used [0x336d0000, 0x33970148, 0x33970200, 0x342d0000)
    ro space 10240K,  54% used [0x376d0000, 0x37c48290, 0x37c48400, 0x380d0000)
    rw space 12288K,  55% used [0x380d0000, 0x3876d1c0, 0x3876d200, 0x38cd0000)

Dynamic libraries:
0x00400000 - 0x00424000 	C:\Program Files\Java\jdk1.6.0_18\bin\java.exe
0x77760000 - 0x7789d000 	C:\Windows\SYSTEM32\ntdll.dll
0x77480000 - 0x77554000 	C:\Windows\system32\kernel32.dll
0x75b60000 - 0x75baa000 	C:\Windows\system32\KERNELBASE.dll
0x75bf0000 - 0x75c90000 	C:\Windows\system32\ADVAPI32.dll
0x76410000 - 0x764bc000 	C:\Windows\system32\msvcrt.dll
0x761e0000 - 0x761f9000 	C:\Windows\SYSTEM32\sechost.dll
0x75c90000 - 0x75d31000 	C:\Windows\system32\RPCRT4.dll
0x7c340000 - 0x7c396000 	C:\Program Files\Java\jdk1.6.0_18\jre\bin\msvcr71.dll
0x6d8b0000 - 0x6db47000 	C:\Program Files\Java\jdk1.6.0_18\jre\bin\client\jvm.dll
0x75ea0000 - 0x75f69000 	C:\Windows\system32\USER32.dll
0x77250000 - 0x7729e000 	C:\Windows\system32\GDI32.dll
0x778b0000 - 0x778ba000 	C:\Windows\system32\LPK.dll
0x773e0000 - 0x7747d000 	C:\Windows\system32\USP10.dll
0x718c0000 - 0x718f2000 	C:\Windows\system32\WINMM.dll
0x778c0000 - 0x778df000 	C:\Windows\system32\IMM32.DLL
0x76110000 - 0x761dc000 	C:\Windows\system32\MSCTF.dll
0x757f0000 - 0x7583b000 	C:\Windows\system32\apphelp.dll
0x6c1b0000 - 0x6c1b5000 	C:\Windows\system32\avgrsstx.dll
0x6d860000 - 0x6d86c000 	C:\Program Files\Java\jdk1.6.0_18\jre\bin\verify.dll
0x6d3e0000 - 0x6d3ff000 	C:\Program Files\Java\jdk1.6.0_18\jre\bin\java.dll
0x6d340000 - 0x6d348000 	C:\Program Files\Java\jdk1.6.0_18\jre\bin\hpi.dll
0x778a0000 - 0x778a5000 	C:\Windows\system32\PSAPI.DLL
0x6d8a0000 - 0x6d8af000 	C:\Program Files\Java\jdk1.6.0_18\jre\bin\zip.dll
0x6d0b0000 - 0x6d1fa000 	C:\Program Files\Java\jdk1.6.0_18\jre\bin\awt.dll
0x715e0000 - 0x71631000 	C:\Windows\system32\WINSPOOL.DRV
0x75d40000 - 0x75e9c000 	C:\Windows\system32\ole32.dll
0x74290000 - 0x7442e000 	C:\Windows\WinSxS\x86_microsoft.windows.common-controls_6595b64144ccf1df_6.0.7600.16661_none_420fe3fa2b8113bd\COMCTL32.dll
0x77930000 - 0x77987000 	C:\Windows\system32\SHLWAPI.dll
0x73cd0000 - 0x73ce3000 	C:\Windows\system32\DWMAPI.DLL
0x6d2e0000 - 0x6d334000 	C:\Program Files\Java\jdk1.6.0_18\jre\bin\fontmanager.dll
0x75840000 - 0x7584c000 	C:\Windows\system32\CRYPTBASE.dll
0x5aad0000 - 0x5adcd000 	C:\Windows\system32\atiumdag.dll
0x5a7f0000 - 0x5aac4000 	C:\Windows\system32\atiumdva.dll
0x6d6c0000 - 0x6d6d3000 	C:\Program Files\Java\jdk1.6.0_18\jre\bin\net.dll
0x778e0000 - 0x77915000 	C:\Windows\system32\WS2_32.dll
0x77920000 - 0x77926000 	C:\Windows\system32\NSI.dll
0x751b0000 - 0x751ec000 	C:\Windows\system32\mswsock.dll
0x751a0000 - 0x751a6000 	C:\Windows\System32\wship6.dll
0x6d6e0000 - 0x6d6e9000 	C:\Program Files\Java\jdk1.6.0_18\jre\bin\nio.dll
0x77170000 - 0x771f3000 	C:\Windows\system32\CLBCatQ.DLL
0x76280000 - 0x7630f000 	C:\Windows\system32\OLEAUT32.dll
0x764c0000 - 0x77109000 	C:\Windows\system32\shell32.dll

VM Arguments:
jvm_args: -Djava.security.policy=applet.policy 
java_command: sun.applet.AppletViewer file:C:/Users/Lary/Dropbox/UNI/Year 3/Project 1 RCM3001/HockeyField/build/GraphEditor.html
Launcher Type: SUN_STANDARD

Environment Variables:
CLASSPATH=.;C:\Program Files\Java\jre6\lib\ext\QTJava.zip
PATH=C:\Program Files\Common Files\Microsoft Shared\Windows Live;c:\Program Files\Microsoft SQL Server\90\Tools\binn\;C:\Program Files\Windows Live\Shared;C:\Windows\system32;C:\Windows;C:\Windows\system32\wbem;C:\Program Files\QuickTime\QTSystem\
USERNAME=Lary
OS=Windows_NT
PROCESSOR_IDENTIFIER=x86 Family 17 Model 3 Stepping 1, AuthenticAMD



---------------  S Y S T E M  ---------------

OS: Windows 7 Build 7600 

CPU:total 2 (2 cores per cpu, 1 threads per core) family 17 model 3 stepping 1, cmov, cx8, fxsr, mmx, sse, sse2, sse3, mmxext, 3dnow, 3dnowext

Memory: 4k page, physical 2880680k(1617136k free), swap 5759596k(3982920k free)

vm_info: Java HotSpot(TM) Client VM (16.0-b13) for windows-x86 JRE (1.6.0_18-b07), built on Dec 17 2009 13:35:55 by "java_re" with MS VC++ 7.1 (VS2003)

time: Thu Oct 27 10:43:46 2011
elapsed time: 3 seconds

